<?xml version="1.0"?>
<project
	xsi:schemaLocation="http://maven.apache.org/POM/4.0.0 http://maven.apache.org/xsd/maven-4.0.0.xsd"
	xmlns="http://maven.apache.org/POM/4.0.0" xmlns:xsi="http://www.w3.org/2001/XMLSchema-instance">
	<modelVersion>4.0.0</modelVersion>
	<groupId>at.nonblocking</groupId>
	<artifactId>test1</artifactId>
	<version>1.0.0-SNAPSHOT</version>

	<dependencies>
		<dependency>
			<groupId>at.nonblocking</groupId>
			<artifactId>test1</artifactId>
			<version>1.1.1-123</version>
		</dependency>

		<dependency>
			<groupId>at.nonblocking</groupId>
			<artifactId>test2</artifactId>
			<version>2.0.5-123</version>
		</dependency>

		<dependency>
			<groupId>junit</groupId>
			<artifactId>junit</artifactId>
			<version>4.9</version>
		</dependency>
	</dependencies>

	<build>
		<plugins>
			<plugin>
				<groupId>at.nonblocking</groupId>
				<artifactId>test-plugin1</artifactId>
				<version>1.2.3-1234</version>
				<dependencies>
					<dependency>
						<groupId>at.nonblocking</groupId>
						<artifactId>test3</artifactId>
						<version>1.0.0</version>
					</dependency>
				</dependencies>
			</plugin>
			<plugin>
				<groupId>at.nonblocking</groupId>
				<artifactId>test-plugin2</artifactId>
			</plugin>
		</plugins>
	</build>

</project>